Mon Mar 27 14:46:57 2023
World opened on network port 46631.
Welcome BYOND! (5.0 Beta Version 515.1602)
ARCHIVE: Attempting to load archive files...
ARCHIVE: Loaded archive_jutsu.
ARCHIVE: Loaded archive_perks.
ARCHIVE: Loaded archive_scrolls.
ARCHIVE: Loaded archive_jutsuapps.
ARCHIVE: Loaded archive_weapons.
ARCHIVE: Loaded archive_variables.
ARCHIVE: Loaded archive_gmhelps.
ARCHIVE: Loaded archive_clothing.
ARCHIVE: Loaded archive_poisons.
ARCHIVE: Loaded archive_databook.
ARCHIVE: Loaded archive_bingobook.
ARCHIVE: Load complete.
ARCHIVE: Loaded skill tree.
The BYOND hub reports that port 46631 is reachable.

******************************************
Caught SIGTERM, attempting clean shutdown.

Mon Mar 27 14:52:30 2023
World opened on network port 59931.
Welcome BYOND! (5.0 Beta Version 515.1602)
ARCHIVE: Attempting to load archive files...
ARCHIVE: Loaded archive_jutsu.
ARCHIVE: Loaded archive_perks.
ARCHIVE: Loaded archive_scrolls.
ARCHIVE: Loaded archive_jutsuapps.
ARCHIVE: Loaded archive_weapons.
ARCHIVE: Loaded archive_variables.
ARCHIVE: Loaded archive_gmhelps.
ARCHIVE: Loaded archive_clothing.
ARCHIVE: Loaded archive_poisons.
ARCHIVE: Loaded archive_databook.
ARCHIVE: Loaded archive_bingobook.
ARCHIVE: Load complete.
ARCHIVE: Loaded skill tree.
The BYOND hub reports that port 59931 is reachable.

******************************************
Caught SIGTERM, attempting clean shutdown.

Mon Mar 27 15:50:15 2023
World opened on network port 51861.
Welcome BYOND! (5.0 Beta Version 515.1602)
ARCHIVE: Attempting to load archive files...
ARCHIVE: Loaded archive_jutsu.
ARCHIVE: Loaded archive_perks.
ARCHIVE: Loaded archive_scrolls.
ARCHIVE: Loaded archive_jutsuapps.
ARCHIVE: Loaded archive_weapons.
ARCHIVE: Loaded archive_variables.
ARCHIVE: Loaded archive_gmhelps.
ARCHIVE: Loaded archive_clothing.
ARCHIVE: Loaded archive_poisons.
ARCHIVE: Loaded archive_databook.
ARCHIVE: Loaded archive_bingobook.
ARCHIVE: Load complete.
ARCHIVE: Loaded skill tree.
The BYOND hub reports that port 51861 is reachable.

******************************************
Caught SIGTERM, attempting clean shutdown.

Mon Mar 27 22:13:27 2023
World opened on network port 18201.
Welcome BYOND! (5.0 Beta Version 515.1602)
ARCHIVE: Attempting to load archive files...
ARCHIVE: Loaded archive_jutsu.
ARCHIVE: Loaded archive_perks.
ARCHIVE: Loaded archive_scrolls.
ARCHIVE: Loaded archive_jutsuapps.
ARCHIVE: Loaded archive_weapons.
ARCHIVE: Loaded archive_variables.
ARCHIVE: Loaded archive_gmhelps.
ARCHIVE: Loaded archive_clothing.
ARCHIVE: Loaded archive_poisons.
ARCHIVE: Loaded archive_databook.
ARCHIVE: Loaded archive_bingobook.
ARCHIVE: Load complete.
ARCHIVE: Loaded skill tree.
The BYOND hub reports that port 18201 is reachable.

******************************************
Caught SIGTERM, attempting clean shutdown.

Wed Mar 29 07:16:41 2023
World opened on network port 18201.
Welcome BYOND! (5.0 Beta Version 515.1602)
ARCHIVE: Attempting to load archive files...
ARCHIVE: Loaded archive_jutsu.
ARCHIVE: Loaded archive_perks.
ARCHIVE: Loaded archive_scrolls.
ARCHIVE: Loaded archive_jutsuapps.
ARCHIVE: Loaded archive_weapons.
ARCHIVE: Loaded archive_variables.
ARCHIVE: Loaded archive_gmhelps.
ARCHIVE: Loaded archive_clothing.
ARCHIVE: Loaded archive_poisons.
ARCHIVE: Loaded archive_databook.
ARCHIVE: Loaded archive_bingobook.
ARCHIVE: Load complete.
ARCHIVE: Loaded skill tree.
The BYOND hub reports that port 18201 is reachable.
Wed Mar 29 07:17:27 2023
Dream Daemon FAILED to open port 18201!
Wed Mar 29 07:17:43 2023
World opened on network port 18212.
Welcome BYOND! (5.0 Beta Version 515.1602)
ARCHIVE: Attempting to load archive files...
ARCHIVE: Loaded archive_jutsu.
ARCHIVE: Loaded archive_perks.
ARCHIVE: Loaded archive_scrolls.
ARCHIVE: Loaded archive_jutsuapps.
ARCHIVE: Loaded archive_weapons.
ARCHIVE: Loaded archive_variables.
ARCHIVE: Loaded archive_gmhelps.
ARCHIVE: Loaded archive_clothing.
ARCHIVE: Loaded archive_poisons.
ARCHIVE: Loaded archive_databook.
ARCHIVE: Loaded archive_bingobook.
ARCHIVE: Load complete.
ARCHIVE: Loaded skill tree.
The BYOND hub reports that port 18212 is reachable.

******************************************
Caught SIGTERM, attempting clean shutdown.

